[Tue, 09 Aug 16 15:12:51 +0000][INFO] zeoharlem@yahoo.co.uk Logged Into Backend Application
[Tue, 09 Aug 16 19:55:30 +0000][INFO] zeoharlem@yahoo.co.uk Logged Into Backend Application
[Wed, 10 Aug 16 15:03:51 +0000][INFO] zeoharlem@yahoo.co.uk Logged Into Backend Application
[Thu, 11 Aug 16 04:15:55 +0000][INFO] zeoharlem@yahoo.co.uk Logged Into Backend Application
[Thu, 11 Aug 16 04:22:16 +0000][INFO] zeoharlem@yahoo.co.uk Logged Into Backend Application
[Thu, 11 Aug 16 15:45:39 +0000][INFO] zeoharlem@yahoo.co.uk Logged Into Backend Application
[Fri, 12 Aug 16 13:50:58 +0000][INFO] zeoharlem@yahoo.co.uk Logged Into Backend Application
[Fri, 30 Sep 16 09:27:27 +0200][INFO] zeoharlem@yahoo.co.uk Logged Into Backend Application
[Fri, 30 Sep 16 13:44:16 +0200][INFO] zeoharlem@yahoo.co.uk Logged Into Backend Application
[Sun, 02 Oct 16 04:58:22 +0200][INFO] zeoharlem@yahoo.co.uk Logged Into Backend Application
[Sun, 02 Oct 16 17:02:21 +0200][INFO] zeoharlem@yahoo.co.uk Logged Into Backend Application
[Sat, 15 Oct 16 03:31:58 +0200][INFO] zeoharlem@yahoo.co.uk Logged Into Backend Application
[Sat, 15 Oct 16 04:56:28 +0200][INFO] zeoharlem@yahoo.co.uk Logged Into Backend Application
[Sat, 15 Oct 16 05:43:03 +0200][INFO] zeoharlem@yahoo.co.uk Logged Into Backend Application
[Sat, 15 Oct 16 19:54:35 +0200][INFO] zeoharlem@yahoo.co.uk Logged Into Backend Application
[Sat, 15 Oct 16 22:58:46 +0200][INFO] zeoharlem@yahoo.co.uk Logged Into Backend Application
[Mon, 17 Oct 16 18:59:16 +0200][INFO] zeoharlem@yahoo.co.uk Logged Into Backend Application
[Tue, 18 Oct 16 19:12:28 +0200][INFO] zeoharlem@yahoo.co.uk Logged Into Backend Application
[Wed, 19 Oct 16 17:15:12 +0200][INFO] zeoharlem@yahoo.co.uk Logged Into Backend Application
[Thu, 20 Oct 16 00:32:49 +0200][INFO] zeoharlem@yahoo.co.uk Logged Into Backend Application
[Thu, 20 Oct 16 17:19:07 +0200][INFO] zeoharlem@yahoo.co.uk Logged Into Backend Application
[Thu, 20 Oct 16 19:41:50 +0200][INFO] zeoharlem@yahoo.co.uk Logged Into Backend Application
[Fri, 21 Oct 16 17:53:51 +0200][INFO] zeoharlem@yahoo.co.uk Logged Into Backend Application
[Fri, 21 Oct 16 18:28:28 +0200][INFO] zeoharlem@yahoo.co.uk Logged Into Backend Application
[Sat, 22 Oct 16 05:28:22 +0200][INFO] zeoharlem@yahoo.co.uk Logged Into Backend Application
[Sat, 22 Oct 16 08:48:14 +0200][INFO] zeoharlem@yahoo.co.uk Logged Into Backend Application
[Sat, 22 Oct 16 12:53:35 +0200][INFO] zeoharlem@yahoo.co.uk Logged Into Backend Application
[Sat, 22 Oct 16 15:09:10 +0200][INFO] zeoharlem@yahoo.co.uk Logged Into Backend Application
[Sun, 23 Oct 16 17:51:50 +0200][INFO] zeoharlem@yahoo.co.uk Logged Into Backend Application
